Copyright 1986-2018 Xilinx, Inc. All Rights Reserved.
---------------------------------------------------------------------------------------------
| Tool Version : Vivado v.2018.3 (win64) Build 2405991 Thu Dec  6 23:38:27 MST 2018
| Date         : Mon May 16 15:00:21 2022
| Host         : DESKTOP-IH4BFRI running 64-bit major release  (build 9200)
| Command      : report_control_sets -verbose -file design_1_wrapper_control_sets_placed.rpt
| Design       : design_1_wrapper
| Device       : xc7z020
---------------------------------------------------------------------------------------------

Control Set Information

Table of Contents
-----------------
1. Summary
2. Histogram
3. Flip-Flop Distribution
4. Detailed Control Set Information

1. Summary
----------

+----------------------------------------------------------+-------+
|                          Status                          | Count |
+----------------------------------------------------------+-------+
| Number of unique control sets                            |    45 |
| Unused register locations in slices containing registers |   164 |
+----------------------------------------------------------+-------+


2. Histogram
------------

+--------+--------------+
| Fanout | Control Sets |
+--------+--------------+
|      1 |            2 |
|      2 |            2 |
|      4 |            9 |
|      5 |            3 |
|      6 |            1 |
|      8 |            2 |
|     10 |            4 |
|     12 |            2 |
|     13 |            2 |
|     14 |            4 |
|    16+ |           14 |
+--------+--------------+


3. Flip-Flop Distribution
-------------------------

+--------------+-----------------------+------------------------+-----------------+--------------+
| Clock Enable | Synchronous Set/Reset | Asynchronous Set/Reset | Total Registers | Total Slices |
+--------------+-----------------------+------------------------+-----------------+--------------+
| No           | No                    | No                     |             115 |           38 |
| No           | No                    | Yes                    |              25 |           14 |
| No           | Yes                   | No                     |              37 |           22 |
| Yes          | No                    | No                     |             234 |           78 |
| Yes          | No                    | Yes                    |              87 |           22 |
| Yes          | Yes                   | No                     |              74 |           35 |
+--------------+-----------------------+------------------------+-----------------+--------------+


4. Detailed Control Set Information
-----------------------------------

+----------------------------------------------------------------+----------------------------------------------------------------------------------------------------------------------------------------------------------------+-------------------------------------------------------------------------------------------------------------------------------------------------------+------------------+----------------+
|                          Clock Signal                          |                                                                          Enable Signal                                                                         |                                                                    Set/Reset Signal                                                                   | Slice Load Count | Bel Load Count |
+----------------------------------------------------------------+----------------------------------------------------------------------------------------------------------------------------------------------------------------+-------------------------------------------------------------------------------------------------------------------------------------------------------+------------------+----------------+
|  design_1_i/processing_system7_0/inst/FCLK_CLK0                | design_1_i/ps7_0_axi_periph/s00_couplers/auto_pc/inst/gen_axilite.gen_b2s_conv.axilite_b2s/WR.aw_channel_0/aw_cmd_fsm_0/m_axi_awready_1                        | design_1_i/ps7_0_axi_periph/s00_couplers/auto_pc/inst/gen_axilite.gen_b2s_conv.axilite_b2s/WR.aw_channel_0/aw_cmd_fsm_0/m_axi_awready_0               |                1 |              1 |
|  design_1_i/processing_system7_0/inst/FCLK_CLK0                | design_1_i/ps7_0_axi_periph/s00_couplers/auto_pc/inst/gen_axilite.gen_b2s_conv.axilite_b2s/RD.r_channel_0/rd_data_fifo_0/wr_en0                                |                                                                                                                                                       |                1 |              1 |
|  design_1_i/bram_0/inst/bram_v1_0_S00_AXI_inst/m_ctrl1/clk_4_f |                                                                                                                                                                | design_1_i/bram_0/inst/bram_v1_0_S00_AXI_inst/m_ctrl1/s00_axi_aresetn_0                                                                               |                1 |              2 |
|  design_1_i/processing_system7_0/inst/FCLK_CLK0                | design_1_i/ps7_0_axi_periph/s00_couplers/auto_pc/inst/gen_axilite.gen_b2s_conv.axilite_b2s/WR.b_channel_0/bid_fifo_0/sel                                       |                                                                                                                                                       |                1 |              2 |
|  design_1_i/processing_system7_0/inst/FCLK_CLK0                |                                                                                                                                                                | rst_IBUF                                                                                                                                              |                2 |              4 |
|  design_1_i/processing_system7_0/inst/FCLK_CLK0                | design_1_i/ps7_0_axi_periph/s00_couplers/auto_pc/inst/gen_axilite.gen_b2s_conv.axilite_b2s/WR.aw_channel_0/cmd_translator_0/incr_cmd_0/axaddr_incr[11]_i_1_n_0 |                                                                                                                                                       |                2 |              4 |
|  design_1_i/processing_system7_0/inst/FCLK_CLK0                | design_1_i/ps7_0_axi_periph/s00_couplers/auto_pc/inst/gen_axilite.gen_b2s_conv.axilite_b2s/RD.ar_channel_0/ar_cmd_fsm_0/sel_first_reg[0]                       |                                                                                                                                                       |                2 |              4 |
|  design_1_i/processing_system7_0/inst/FCLK_CLK0                |                                                                                                                                                                | design_1_i/ps7_0_axi_periph/s00_couplers/auto_pc/inst/gen_axilite.gen_b2s_conv.axilite_b2s/SI_REG/ar.ar_pipe/aresetn_d_reg[1]_inv_0                   |                4 |              4 |
|  design_1_i/processing_system7_0/inst/FCLK_CLK0                |                                                                                                                                                                | design_1_i/ps7_0_axi_periph/s00_couplers/auto_pc/inst/gen_axilite.gen_b2s_conv.axilite_b2s/SI_REG/aw.aw_pipe/aresetn_d_reg[0]_0                       |                3 |              4 |
|  design_1_i/processing_system7_0/inst/FCLK_CLK0                |                                                                                                                                                                | design_1_i/rst_ps7_0_100M/U0/EXT_LPF/lpf_int                                                                                                          |                2 |              4 |
|  design_1_i/processing_system7_0/inst/FCLK_CLK0                | design_1_i/ps7_0_axi_periph/s00_couplers/auto_pc/inst/gen_axilite.gen_b2s_conv.axilite_b2s/RD.ar_channel_0/ar_cmd_fsm_0/E[0]                                   |                                                                                                                                                       |                2 |              4 |
|  design_1_i/processing_system7_0/inst/FCLK_CLK0                | design_1_i/bram_0/inst/bram_v1_0_S00_AXI_inst/slv_reg2[11]_i_1_n_0                                                                                             | design_1_i/bram_0/inst/bram_v1_0_S00_AXI_inst/m_ctrl1/s00_axi_aresetn_0                                                                               |                1 |              4 |
|  design_1_i/processing_system7_0/inst/FCLK_CLK0                | design_1_i/ps7_0_axi_periph/s00_couplers/auto_pc/inst/gen_axilite.gen_b2s_conv.axilite_b2s/WR.aw_channel_0/aw_cmd_fsm_0/E[0]                                   |                                                                                                                                                       |                3 |              4 |
|  design_1_i/processing_system7_0/inst/FCLK_CLK0                | design_1_i/ps7_0_axi_periph/s00_couplers/auto_pc/inst/gen_axilite.gen_b2s_conv.axilite_b2s/RD.ar_channel_0/ar_cmd_fsm_0/m_valid_i_reg                          | design_1_i/ps7_0_axi_periph/s00_couplers/auto_pc/inst/gen_axilite.gen_b2s_conv.axilite_b2s/RD.ar_channel_0/ar_cmd_fsm_0/FSM_sequential_state_reg[0]_0 |                2 |              5 |
|  design_1_i/processing_system7_0/inst/FCLK_CLK0                | design_1_i/ps7_0_axi_periph/s00_couplers/auto_pc/inst/gen_axilite.gen_b2s_conv.axilite_b2s/RD.r_channel_0/rd_data_fifo_0/cnt_read[4]_i_1_n_0                   | design_1_i/ps7_0_axi_periph/s00_couplers/auto_pc/inst/gen_axilite.gen_b2s_conv.axilite_b2s/areset_d1                                                  |                2 |              5 |
|  design_1_i/processing_system7_0/inst/FCLK_CLK0                | design_1_i/ps7_0_axi_periph/s00_couplers/auto_pc/inst/gen_axilite.gen_b2s_conv.axilite_b2s/RD.r_channel_0/rd_data_fifo_0/E[0]                                  | design_1_i/ps7_0_axi_periph/s00_couplers/auto_pc/inst/gen_axilite.gen_b2s_conv.axilite_b2s/areset_d1                                                  |                2 |              5 |
|  design_1_i/processing_system7_0/inst/FCLK_CLK0                | design_1_i/rst_ps7_0_100M/U0/SEQ/seq_cnt_en                                                                                                                    | design_1_i/rst_ps7_0_100M/U0/SEQ/SEQ_COUNTER/clear                                                                                                    |                2 |              6 |
|  design_1_i/processing_system7_0/inst/FCLK_CLK0                | design_1_i/bram_0/inst/bram_v1_0_S00_AXI_inst/slv_reg2[7]_i_1_n_0                                                                                              | design_1_i/bram_0/inst/bram_v1_0_S00_AXI_inst/m_ctrl1/s00_axi_aresetn_0                                                                               |                6 |              8 |
|  design_1_i/processing_system7_0/inst/FCLK_CLK0                | design_1_i/ps7_0_axi_periph/s00_couplers/auto_pc/inst/gen_axilite.gen_b2s_conv.axilite_b2s/WR.b_channel_0/mhandshake_r                                         | design_1_i/ps7_0_axi_periph/s00_couplers/auto_pc/inst/gen_axilite.gen_b2s_conv.axilite_b2s/WR.b_channel_0/bid_fifo_0/SR[0]                            |                2 |              8 |
|  design_1_i/processing_system7_0/inst/FCLK_CLK1                | design_1_i/VGA_TOP_0/inst/vga_ctrl_0/vcount[9]_i_1_n_0                                                                                                         | rst_IBUF                                                                                                                                              |                4 |             10 |
|  design_1_i/processing_system7_0/inst/FCLK_CLK1                | design_1_i/VGA_TOP_0/inst/vga_ctrl_0/ready_count[9]_i_1_n_0                                                                                                    | rst_IBUF                                                                                                                                              |                2 |             10 |
|  design_1_i/processing_system7_0/inst/FCLK_CLK0                |                                                                                                                                                                | design_1_i/ps7_0_axi_periph/s00_couplers/auto_pc/inst/gen_axilite.gen_b2s_conv.axilite_b2s/areset_d1                                                  |                6 |             10 |
|  design_1_i/processing_system7_0/inst/FCLK_CLK0                | design_1_i/image_processor_0/inst/ready_count[9]_i_1_n_0                                                                                                       | rst_IBUF                                                                                                                                              |                2 |             10 |
|  design_1_i/processing_system7_0/inst/FCLK_CLK0                | design_1_i/image_processor_0/inst/data_out[11]_i_1_n_0                                                                                                         |                                                                                                                                                       |                5 |             12 |
|  design_1_i/processing_system7_0/inst/FCLK_CLK0                | design_1_i/image_processor_0/inst/conv_mem[0][11]_i_1_n_0                                                                                                      |                                                                                                                                                       |                5 |             12 |
|  design_1_i/processing_system7_0/inst/FCLK_CLK0                | design_1_i/ps7_0_axi_periph/s00_couplers/auto_pc/inst/gen_axilite.gen_b2s_conv.axilite_b2s/RD.ar_channel_0/ar_cmd_fsm_0/m_valid_i_reg                          |                                                                                                                                                       |                6 |             13 |
|  design_1_i/processing_system7_0/inst/FCLK_CLK0                | design_1_i/ps7_0_axi_periph/s00_couplers/auto_pc/inst/gen_axilite.gen_b2s_conv.axilite_b2s/RD.r_channel_0/r_push_r                                             |                                                                                                                                                       |                4 |             13 |
|  design_1_i/processing_system7_0/inst/FCLK_CLK0                | design_1_i/ps7_0_axi_periph/s00_couplers/auto_pc/inst/gen_axilite.gen_b2s_conv.axilite_b2s/SI_REG/b.b_pipe/s_ready_i_reg_0                                     |                                                                                                                                                       |                3 |             14 |
|  design_1_i/processing_system7_0/inst/FCLK_CLK0                | design_1_i/ps7_0_axi_periph/s00_couplers/auto_pc/inst/gen_axilite.gen_b2s_conv.axilite_b2s/SI_REG/r.r_pipe/s_ready_i_reg_0                                     |                                                                                                                                                       |                3 |             14 |
|  design_1_i/processing_system7_0/inst/FCLK_CLK0                | design_1_i/ps7_0_axi_periph/s00_couplers/auto_pc/inst/gen_axilite.gen_b2s_conv.axilite_b2s/SI_REG/r.r_pipe/p_1_in                                              |                                                                                                                                                       |                3 |             14 |
|  design_1_i/processing_system7_0/inst/FCLK_CLK0                | design_1_i/ps7_0_axi_periph/s00_couplers/auto_pc/inst/gen_axilite.gen_b2s_conv.axilite_b2s/SI_REG/b.b_pipe/p_1_in                                              |                                                                                                                                                       |                3 |             14 |
|  design_1_i/processing_system7_0/inst/FCLK_CLK0                | design_1_i/bram_0/inst/bram_v1_0_S00_AXI_inst/slv_reg3[15]_i_1_n_0                                                                                             | design_1_i/bram_0/inst/bram_v1_0_S00_AXI_inst/m_ctrl1/s00_axi_aresetn_0                                                                               |                8 |             16 |
|  design_1_i/processing_system7_0/inst/FCLK_CLK0                | design_1_i/ps7_0_axi_periph/s00_couplers/auto_pc/inst/gen_axilite.gen_b2s_conv.axilite_b2s/WR.aw_channel_0/aw_cmd_fsm_0/b_push                                 |                                                                                                                                                       |                3 |             16 |
|  design_1_i/processing_system7_0/inst/FCLK_CLK0                | design_1_i/bram_0/inst/bram_v1_0_S00_AXI_inst/slv_reg3[7]_i_1_n_0                                                                                              | design_1_i/bram_0/inst/bram_v1_0_S00_AXI_inst/m_ctrl1/s00_axi_aresetn_0                                                                               |                9 |             16 |
|  design_1_i/processing_system7_0/inst/FCLK_CLK0                | design_1_i/ps7_0_axi_periph/s00_couplers/auto_pc/inst/gen_axilite.gen_b2s_conv.axilite_b2s/WR.aw_channel_0/aw_cmd_fsm_0/m_axi_awready_1                        |                                                                                                                                                       |                7 |             17 |
|  design_1_i/processing_system7_0/inst/FCLK_CLK0                |                                                                                                                                                                | design_1_i/bram_0/inst/bram_v1_0_S00_AXI_inst/m_ctrl1/s00_axi_aresetn_0                                                                               |                8 |             17 |
|  design_1_i/processing_system7_0/inst/FCLK_CLK1                |                                                                                                                                                                | rst_IBUF                                                                                                                                              |               10 |             17 |
|  design_1_i/processing_system7_0/inst/FCLK_CLK1                | design_1_i/VGA_TOP_0/inst/vga_ctrl_0/E[0]                                                                                                                      | rst_IBUF                                                                                                                                              |                4 |             19 |
|  design_1_i/processing_system7_0/inst/FCLK_CLK0                | design_1_i/image_processor_0/inst/o_addr[18]_i_1_n_0                                                                                                           | rst_IBUF                                                                                                                                              |                5 |             19 |
|  design_1_i/processing_system7_0/inst/FCLK_CLK0                | design_1_i/image_processor_0/inst/w_addr[18]_i_1_n_0                                                                                                           | rst_IBUF                                                                                                                                              |                5 |             19 |
|  design_1_i/processing_system7_0/inst/FCLK_CLK0                | design_1_i/ps7_0_axi_periph/s00_couplers/auto_pc/inst/gen_axilite.gen_b2s_conv.axilite_b2s/SI_REG/ar.ar_pipe/s_ready_i_reg_0                                   |                                                                                                                                                       |               11 |             27 |
|  design_1_i/processing_system7_0/inst/FCLK_CLK0                | design_1_i/ps7_0_axi_periph/s00_couplers/auto_pc/inst/gen_axilite.gen_b2s_conv.axilite_b2s/SI_REG/aw.aw_pipe/s_ready_i_reg_0                                   |                                                                                                                                                       |                7 |             27 |
|  design_1_i/processing_system7_0/inst/FCLK_CLK0                | design_1_i/ps7_0_axi_periph/s00_couplers/auto_pc/inst/gen_axilite.gen_b2s_conv.axilite_b2s/RD.ar_channel_0/ar_cmd_fsm_0/FSM_sequential_state_reg[1]_0[0]       |                                                                                                                                                       |               10 |             27 |
|  design_1_i/processing_system7_0/inst/FCLK_CLK0                | design_1_i/ps7_0_axi_periph/s00_couplers/auto_pc/inst/gen_axilite.gen_b2s_conv.axilite_b2s/WR.aw_channel_0/aw_cmd_fsm_0/m_valid_i_reg[0]                       |                                                                                                                                                       |                6 |             27 |
|  design_1_i/processing_system7_0/inst/FCLK_CLK0                |                                                                                                                                                                |                                                                                                                                                       |               39 |            116 |
+----------------------------------------------------------------+----------------------------------------------------------------------------------------------------------------------------------------------------------------+-------------------------------------------------------------------------------------------------------------------------------------------------------+------------------+----------------+


