#-----------------------------------------------------------
# Vivado v2018.3 (64-bit)
# SW Build 2405991 on Thu Dec  6 23:38:27 MST 2018
# IP Build 2404404 on Fri Dec  7 01:43:56 MST 2018
# Start of session at: Mon May 16 13:41:41 2022
# Process ID: 86748
# Current directory: D:/GELEE/Zedboard/project_for_zhuanti/vivado_file/project_1
# Command line: vivado.exe -gui_launcher_event rodinguilauncherevent89428 D:\GELEE\Zedboard\project_for_zhuanti\vivado_file\project_1\project_1.xpr
# Log file: D:/GELEE/Zedboard/project_for_zhuanti/vivado_file/project_1/vivado.log
# Journal file: D:/GELEE/Zedboard/project_for_zhuanti/vivado_file/project_1\vivado.jou
#-----------------------------------------------------------
start_gui
open_project D:/GELEE/Zedboard/project_for_zhuanti/vivado_file/project_1/project_1.xpr
Scanning sources...
Finished scanning sources
INFO: [IP_Flow 19-234] Refreshing IP repositories
INFO: [IP_Flow 19-1700] Loaded user IP repository 'd:/GELEE/Zedboard/project_for_zhuanti/vivado_file/VGA_IP'.
INFO: [IP_Flow 19-1700] Loaded user IP repository 'd:/GELEE/Zedboard/project_for_zhuanti/vivado_file/bram_1.0'.
INFO: [IP_Flow 19-1700] Loaded user IP repository 'd:/GELEE/Zedboard/project_for_zhuanti/vivado_file/image_processing_IP'.
INFO: [IP_Flow 19-1700] Loaded user IP repository 'd:/GELEE/Zedboard/project_for_zhuanti/vivado_file/memory_for_processing_IP'.
INFO: [IP_Flow 19-2313] Loaded Vivado IP repository 'D:/Xillinx/Vivado/2018.3/data/ip'.
open_project: Time (s): cpu = 00:00:13 ; elapsed = 00:00:05 . Memory (MB): peak = 844.043 ; gain = 160.070
update_compile_order -fileset sources_1
file copy -force D:/GELEE/Zedboard/project_for_zhuanti/vivado_file/project_1/project_1.runs/impl_1/design_1_wrapper.sysdef D:/GELEE/Zedboard/project_for_zhuanti/vivado_file/project_1/project_1.sdk/design_1_wrapper.hdf

launch_sdk -workspace D:/GELEE/Zedboard/project_for_zhuanti/vivado_file/project_1/project_1.sdk -hwspec D:/GELEE/Zedboard/project_for_zhuanti/vivado_file/project_1/project_1.sdk/design_1_wrapper.hdf
INFO: [Vivado 12-393] Launching SDK...
INFO: [Vivado 12-417] Running xsdk -workspace D:/GELEE/Zedboard/project_for_zhuanti/vivado_file/project_1/project_1.sdk -hwspec D:/GELEE/Zedboard/project_for_zhuanti/vivado_file/project_1/project_1.sdk/design_1_wrapper.hdf
INFO: [Vivado 12-3157] SDK launch initiated. Please check console for any further messages.
launch_sdk -workspace D:/GELEE/Zedboard/project_for_zhuanti/vivado_file/project_1/project_1.sdk -hwspec D:/GELEE/Zedboard/project_for_zhuanti/vivado_file/project_1/project_1.sdk/design_1_wrapper.hdf
INFO: [Vivado 12-393] Launching SDK...
INFO: [Vivado 12-417] Running xsdk -workspace D:/GELEE/Zedboard/project_for_zhuanti/vivado_file/project_1/project_1.sdk -hwspec D:/GELEE/Zedboard/project_for_zhuanti/vivado_file/project_1/project_1.sdk/design_1_wrapper.hdf
INFO: [Vivado 12-3157] SDK launch initiated. Please check console for any further messages.
open_bd_design {D:/GELEE/Zedboard/project_for_zhuanti/vivado_file/project_1/project_1.srcs/sources_1/bd/design_1/design_1.bd}
Adding cell -- xilinx.com:ip:processing_system7:5.5 - processing_system7_0
Adding cell -- xilinx.com:user:memory_for_processing:1.0 - memory_for_processing_0
Adding cell -- vlsilab:vlsilab:bram:1.02 - bram_0
Adding cell -- xilinx.com:ip:proc_sys_reset:5.0 - rst_ps7_0_100M
Adding cell -- xilinx.com:ip:axi_interconnect:2.1 - ps7_0_axi_periph
Adding cell -- xilinx.com:ip:axi_protocol_converter:2.1 - auto_pc
Adding cell -- xilinx.com:user:VGA_TOP:1.0 - VGA_TOP_0
Adding cell -- xilinx.com:user:image_processor:1.3 - image_processor_0
WARNING: [BD 41-1731] Type mismatch between connected pins: /processing_system7_0/FCLK_CLK1(clk) and /VGA_TOP_0/clk_25mHz(undef)
Successfully read diagram <design_1> from BD file <D:/GELEE/Zedboard/project_for_zhuanti/vivado_file/project_1/project_1.srcs/sources_1/bd/design_1/design_1.bd>
reset_run synth_1
launch_runs synth_1 -jobs 16
[Mon May 16 14:28:38 2022] Launched synth_1...
Run output will be captured here: D:/GELEE/Zedboard/project_for_zhuanti/vivado_file/project_1/project_1.runs/synth_1/runme.log
open_run synth_1 -name synth_1
Design is defaulting to impl run constrset: constrs_1
Design is defaulting to synth run part: xc7z020clg484-1
INFO: [Project 1-454] Reading design checkpoint 'd:/GELEE/Zedboard/project_for_zhuanti/vivado_file/project_1/project_1.srcs/sources_1/bd/design_1/ip/design_1_VGA_TOP_0_0/design_1_VGA_TOP_0_0.dcp' for cell 'design_1_i/VGA_TOP_0'
INFO: [Project 1-454] Reading design checkpoint 'd:/GELEE/Zedboard/project_for_zhuanti/vivado_file/project_1/project_1.srcs/sources_1/bd/design_1/ip/design_1_bram_0_0/design_1_bram_0_0.dcp' for cell 'design_1_i/bram_0'
INFO: [Project 1-454] Reading design checkpoint 'd:/GELEE/Zedboard/project_for_zhuanti/vivado_file/project_1/project_1.srcs/sources_1/bd/design_1/ip/design_1_image_processor_0_0/design_1_image_processor_0_0.dcp' for cell 'design_1_i/image_processor_0'
INFO: [Project 1-454] Reading design checkpoint 'd:/GELEE/Zedboard/project_for_zhuanti/vivado_file/project_1/project_1.srcs/sources_1/bd/design_1/ip/design_1_memory_for_processing_0_0/design_1_memory_for_processing_0_0.dcp' for cell 'design_1_i/memory_for_processing_0'
INFO: [Project 1-454] Reading design checkpoint 'd:/GELEE/Zedboard/project_for_zhuanti/vivado_file/project_1/project_1.srcs/sources_1/bd/design_1/ip/design_1_processing_system7_0_0/design_1_processing_system7_0_0.dcp' for cell 'design_1_i/processing_system7_0'
INFO: [Project 1-454] Reading design checkpoint 'd:/GELEE/Zedboard/project_for_zhuanti/vivado_file/project_1/project_1.srcs/sources_1/bd/design_1/ip/design_1_rst_ps7_0_100M_0/design_1_rst_ps7_0_100M_0.dcp' for cell 'design_1_i/rst_ps7_0_100M'
INFO: [Project 1-454] Reading design checkpoint 'd:/GELEE/Zedboard/project_for_zhuanti/vivado_file/project_1/project_1.srcs/sources_1/bd/design_1/ip/design_1_auto_pc_0/design_1_auto_pc_0.dcp' for cell 'design_1_i/ps7_0_axi_periph/s00_couplers/auto_pc'
INFO: [Netlist 29-17] Analyzing 129 Unisim elements for replacement
INFO: [Netlist 29-28] Unisim Transformation completed in 0 CPU seconds
INFO: [Project 1-479] Netlist was created with Vivado 2018.3
INFO: [Device 21-403] Loading part xc7z020clg484-1
INFO: [Project 1-570] Preparing netlist for logic optimization
Parsing XDC File [d:/GELEE/Zedboard/project_for_zhuanti/vivado_file/project_1/project_1.srcs/sources_1/bd/design_1/ip/design_1_processing_system7_0_0/design_1_processing_system7_0_0.xdc] for cell 'design_1_i/processing_system7_0/inst'
Finished Parsing XDC File [d:/GELEE/Zedboard/project_for_zhuanti/vivado_file/project_1/project_1.srcs/sources_1/bd/design_1/ip/design_1_processing_system7_0_0/design_1_processing_system7_0_0.xdc] for cell 'design_1_i/processing_system7_0/inst'
Parsing XDC File [d:/GELEE/Zedboard/project_for_zhuanti/vivado_file/project_1/project_1.srcs/sources_1/bd/design_1/ip/design_1_rst_ps7_0_100M_0/design_1_rst_ps7_0_100M_0_board.xdc] for cell 'design_1_i/rst_ps7_0_100M/U0'
Finished Parsing XDC File [d:/GELEE/Zedboard/project_for_zhuanti/vivado_file/project_1/project_1.srcs/sources_1/bd/design_1/ip/design_1_rst_ps7_0_100M_0/design_1_rst_ps7_0_100M_0_board.xdc] for cell 'design_1_i/rst_ps7_0_100M/U0'
Parsing XDC File [d:/GELEE/Zedboard/project_for_zhuanti/vivado_file/project_1/project_1.srcs/sources_1/bd/design_1/ip/design_1_rst_ps7_0_100M_0/design_1_rst_ps7_0_100M_0.xdc] for cell 'design_1_i/rst_ps7_0_100M/U0'
Finished Parsing XDC File [d:/GELEE/Zedboard/project_for_zhuanti/vivado_file/project_1/project_1.srcs/sources_1/bd/design_1/ip/design_1_rst_ps7_0_100M_0/design_1_rst_ps7_0_100M_0.xdc] for cell 'design_1_i/rst_ps7_0_100M/U0'
Parsing XDC File [D:/GELEE/Zedboard/project_for_zhuanti/vivado_file/vga.xdc]
WARNING: [Vivado 12-584] No ports matched 'addr[18]'. [D:/GELEE/Zedboard/project_for_zhuanti/vivado_file/vga.xdc:50]
CRITICAL WARNING: [Common 17-55] 'set_property' expects at least one object. [D:/GELEE/Zedboard/project_for_zhuanti/vivado_file/vga.xdc:50]
Resolution: If [get_<value>] was used to populate the object, check to make sure this command returns at least one valid object.
WARNING: [Vivado 12-584] No ports matched 'addr[17]'. [D:/GELEE/Zedboard/project_for_zhuanti/vivado_file/vga.xdc:51]
CRITICAL WARNING: [Common 17-55] 'set_property' expects at least one object. [D:/GELEE/Zedboard/project_for_zhuanti/vivado_file/vga.xdc:51]
Resolution: If [get_<value>] was used to populate the object, check to make sure this command returns at least one valid object.
WARNING: [Vivado 12-584] No ports matched 'addr[16]'. [D:/GELEE/Zedboard/project_for_zhuanti/vivado_file/vga.xdc:52]
CRITICAL WARNING: [Common 17-55] 'set_property' expects at least one object. [D:/GELEE/Zedboard/project_for_zhuanti/vivado_file/vga.xdc:52]
Resolution: If [get_<value>] was used to populate the object, check to make sure this command returns at least one valid object.
WARNING: [Vivado 12-584] No ports matched 'addr[15]'. [D:/GELEE/Zedboard/project_for_zhuanti/vivado_file/vga.xdc:53]
CRITICAL WARNING: [Common 17-55] 'set_property' expects at least one object. [D:/GELEE/Zedboard/project_for_zhuanti/vivado_file/vga.xdc:53]
Resolution: If [get_<value>] was used to populate the object, check to make sure this command returns at least one valid object.
WARNING: [Vivado 12-584] No ports matched 'addr[14]'. [D:/GELEE/Zedboard/project_for_zhuanti/vivado_file/vga.xdc:54]
CRITICAL WARNING: [Common 17-55] 'set_property' expects at least one object. [D:/GELEE/Zedboard/project_for_zhuanti/vivado_file/vga.xdc:54]
Resolution: If [get_<value>] was used to populate the object, check to make sure this command returns at least one valid object.
WARNING: [Vivado 12-584] No ports matched 'addr[13]'. [D:/GELEE/Zedboard/project_for_zhuanti/vivado_file/vga.xdc:55]
CRITICAL WARNING: [Common 17-55] 'set_property' expects at least one object. [D:/GELEE/Zedboard/project_for_zhuanti/vivado_file/vga.xdc:55]
Resolution: If [get_<value>] was used to populate the object, check to make sure this command returns at least one valid object.
WARNING: [Vivado 12-584] No ports matched 'addr[12]'. [D:/GELEE/Zedboard/project_for_zhuanti/vivado_file/vga.xdc:56]
CRITICAL WARNING: [Common 17-55] 'set_property' expects at least one object. [D:/GELEE/Zedboard/project_for_zhuanti/vivado_file/vga.xdc:56]
Resolution: If [get_<value>] was used to populate the object, check to make sure this command returns at least one valid object.
WARNING: [Vivado 12-584] No ports matched 'addr[11]'. [D:/GELEE/Zedboard/project_for_zhuanti/vivado_file/vga.xdc:57]
CRITICAL WARNING: [Common 17-55] 'set_property' expects at least one object. [D:/GELEE/Zedboard/project_for_zhuanti/vivado_file/vga.xdc:57]
Resolution: If [get_<value>] was used to populate the object, check to make sure this command returns at least one valid object.
WARNING: [Vivado 12-584] No ports matched 'addr[10]'. [D:/GELEE/Zedboard/project_for_zhuanti/vivado_file/vga.xdc:58]
CRITICAL WARNING: [Common 17-55] 'set_property' expects at least one object. [D:/GELEE/Zedboard/project_for_zhuanti/vivado_file/vga.xdc:58]
Resolution: If [get_<value>] was used to populate the object, check to make sure this command returns at least one valid object.
WARNING: [Vivado 12-584] No ports matched 'addr[9]'. [D:/GELEE/Zedboard/project_for_zhuanti/vivado_file/vga.xdc:59]
CRITICAL WARNING: [Common 17-55] 'set_property' expects at least one object. [D:/GELEE/Zedboard/project_for_zhuanti/vivado_file/vga.xdc:59]
Resolution: If [get_<value>] was used to populate the object, check to make sure this command returns at least one valid object.
WARNING: [Vivado 12-584] No ports matched 'addr[8]'. [D:/GELEE/Zedboard/project_for_zhuanti/vivado_file/vga.xdc:60]
CRITICAL WARNING: [Common 17-55] 'set_property' expects at least one object. [D:/GELEE/Zedboard/project_for_zhuanti/vivado_file/vga.xdc:60]
Resolution: If [get_<value>] was used to populate the object, check to make sure this command returns at least one valid object.
WARNING: [Vivado 12-584] No ports matched 'addr[7]'. [D:/GELEE/Zedboard/project_for_zhuanti/vivado_file/vga.xdc:61]
CRITICAL WARNING: [Common 17-55] 'set_property' expects at least one object. [D:/GELEE/Zedboard/project_for_zhuanti/vivado_file/vga.xdc:61]
Resolution: If [get_<value>] was used to populate the object, check to make sure this command returns at least one valid object.
WARNING: [Vivado 12-584] No ports matched 'addr[6]'. [D:/GELEE/Zedboard/project_for_zhuanti/vivado_file/vga.xdc:62]
CRITICAL WARNING: [Common 17-55] 'set_property' expects at least one object. [D:/GELEE/Zedboard/project_for_zhuanti/vivado_file/vga.xdc:62]
Resolution: If [get_<value>] was used to populate the object, check to make sure this command returns at least one valid object.
WARNING: [Vivado 12-584] No ports matched 'addr[5]'. [D:/GELEE/Zedboard/project_for_zhuanti/vivado_file/vga.xdc:63]
CRITICAL WARNING: [Common 17-55] 'set_property' expects at least one object. [D:/GELEE/Zedboard/project_for_zhuanti/vivado_file/vga.xdc:63]
Resolution: If [get_<value>] was used to populate the object, check to make sure this command returns at least one valid object.
WARNING: [Vivado 12-584] No ports matched 'addr[4]'. [D:/GELEE/Zedboard/project_for_zhuanti/vivado_file/vga.xdc:64]
CRITICAL WARNING: [Common 17-55] 'set_property' expects at least one object. [D:/GELEE/Zedboard/project_for_zhuanti/vivado_file/vga.xdc:64]
Resolution: If [get_<value>] was used to populate the object, check to make sure this command returns at least one valid object.
WARNING: [Vivado 12-584] No ports matched 'addr[3]'. [D:/GELEE/Zedboard/project_for_zhuanti/vivado_file/vga.xdc:65]
CRITICAL WARNING: [Common 17-55] 'set_property' expects at least one object. [D:/GELEE/Zedboard/project_for_zhuanti/vivado_file/vga.xdc:65]
Resolution: If [get_<value>] was used to populate the object, check to make sure this command returns at least one valid object.
WARNING: [Vivado 12-584] No ports matched 'addr[2]'. [D:/GELEE/Zedboard/project_for_zhuanti/vivado_file/vga.xdc:66]
CRITICAL WARNING: [Common 17-55] 'set_property' expects at least one object. [D:/GELEE/Zedboard/project_for_zhuanti/vivado_file/vga.xdc:66]
Resolution: If [get_<value>] was used to populate the object, check to make sure this command returns at least one valid object.
WARNING: [Vivado 12-584] No ports matched 'addr[1]'. [D:/GELEE/Zedboard/project_for_zhuanti/vivado_file/vga.xdc:67]
CRITICAL WARNING: [Common 17-55] 'set_property' expects at least one object. [D:/GELEE/Zedboard/project_for_zhuanti/vivado_file/vga.xdc:67]
Resolution: If [get_<value>] was used to populate the object, check to make sure this command returns at least one valid object.
WARNING: [Vivado 12-584] No ports matched 'addr[0]'. [D:/GELEE/Zedboard/project_for_zhuanti/vivado_file/vga.xdc:68]
CRITICAL WARNING: [Common 17-55] 'set_property' expects at least one object. [D:/GELEE/Zedboard/project_for_zhuanti/vivado_file/vga.xdc:68]
Resolution: If [get_<value>] was used to populate the object, check to make sure this command returns at least one valid object.
WARNING: [Vivado 12-584] No ports matched 'data_in[11]'. [D:/GELEE/Zedboard/project_for_zhuanti/vivado_file/vga.xdc:69]
CRITICAL WARNING: [Common 17-55] 'set_property' expects at least one object. [D:/GELEE/Zedboard/project_for_zhuanti/vivado_file/vga.xdc:69]
Resolution: If [get_<value>] was used to populate the object, check to make sure this command returns at least one valid object.
WARNING: [Vivado 12-584] No ports matched 'data_in[10]'. [D:/GELEE/Zedboard/project_for_zhuanti/vivado_file/vga.xdc:70]
CRITICAL WARNING: [Common 17-55] 'set_property' expects at least one object. [D:/GELEE/Zedboard/project_for_zhuanti/vivado_file/vga.xdc:70]
Resolution: If [get_<value>] was used to populate the object, check to make sure this command returns at least one valid object.
WARNING: [Vivado 12-584] No ports matched 'data_in[9]'. [D:/GELEE/Zedboard/project_for_zhuanti/vivado_file/vga.xdc:71]
CRITICAL WARNING: [Common 17-55] 'set_property' expects at least one object. [D:/GELEE/Zedboard/project_for_zhuanti/vivado_file/vga.xdc:71]
Resolution: If [get_<value>] was used to populate the object, check to make sure this command returns at least one valid object.
WARNING: [Vivado 12-584] No ports matched 'data_in[8]'. [D:/GELEE/Zedboard/project_for_zhuanti/vivado_file/vga.xdc:72]
CRITICAL WARNING: [Common 17-55] 'set_property' expects at least one object. [D:/GELEE/Zedboard/project_for_zhuanti/vivado_file/vga.xdc:72]
Resolution: If [get_<value>] was used to populate the object, check to make sure this command returns at least one valid object.
WARNING: [Vivado 12-584] No ports matched 'data_in[7]'. [D:/GELEE/Zedboard/project_for_zhuanti/vivado_file/vga.xdc:73]
CRITICAL WARNING: [Common 17-55] 'set_property' expects at least one object. [D:/GELEE/Zedboard/project_for_zhuanti/vivado_file/vga.xdc:73]
Resolution: If [get_<value>] was used to populate the object, check to make sure this command returns at least one valid object.
WARNING: [Vivado 12-584] No ports matched 'data_in[6]'. [D:/GELEE/Zedboard/project_for_zhuanti/vivado_file/vga.xdc:74]
CRITICAL WARNING: [Common 17-55] 'set_property' expects at least one object. [D:/GELEE/Zedboard/project_for_zhuanti/vivado_file/vga.xdc:74]
Resolution: If [get_<value>] was used to populate the object, check to make sure this command returns at least one valid object.
WARNING: [Vivado 12-584] No ports matched 'data_in[5]'. [D:/GELEE/Zedboard/project_for_zhuanti/vivado_file/vga.xdc:75]
CRITICAL WARNING: [Common 17-55] 'set_property' expects at least one object. [D:/GELEE/Zedboard/project_for_zhuanti/vivado_file/vga.xdc:75]
Resolution: If [get_<value>] was used to populate the object, check to make sure this command returns at least one valid object.
WARNING: [Vivado 12-584] No ports matched 'data_in[4]'. [D:/GELEE/Zedboard/project_for_zhuanti/vivado_file/vga.xdc:76]
CRITICAL WARNING: [Common 17-55] 'set_property' expects at least one object. [D:/GELEE/Zedboard/project_for_zhuanti/vivado_file/vga.xdc:76]
Resolution: If [get_<value>] was used to populate the object, check to make sure this command returns at least one valid object.
WARNING: [Vivado 12-584] No ports matched 'data_in[3]'. [D:/GELEE/Zedboard/project_for_zhuanti/vivado_file/vga.xdc:77]
CRITICAL WARNING: [Common 17-55] 'set_property' expects at least one object. [D:/GELEE/Zedboard/project_for_zhuanti/vivado_file/vga.xdc:77]
Resolution: If [get_<value>] was used to populate the object, check to make sure this command returns at least one valid object.
WARNING: [Vivado 12-584] No ports matched 'data_in[2]'. [D:/GELEE/Zedboard/project_for_zhuanti/vivado_file/vga.xdc:78]
CRITICAL WARNING: [Common 17-55] 'set_property' expects at least one object. [D:/GELEE/Zedboard/project_for_zhuanti/vivado_file/vga.xdc:78]
Resolution: If [get_<value>] was used to populate the object, check to make sure this command returns at least one valid object.
WARNING: [Vivado 12-584] No ports matched 'data_in[1]'. [D:/GELEE/Zedboard/project_for_zhuanti/vivado_file/vga.xdc:79]
CRITICAL WARNING: [Common 17-55] 'set_property' expects at least one object. [D:/GELEE/Zedboard/project_for_zhuanti/vivado_file/vga.xdc:79]
Resolution: If [get_<value>] was used to populate the object, check to make sure this command returns at least one valid object.
WARNING: [Vivado 12-584] No ports matched 'data_in[0]'. [D:/GELEE/Zedboard/project_for_zhuanti/vivado_file/vga.xdc:80]
CRITICAL WARNING: [Common 17-55] 'set_property' expects at least one object. [D:/GELEE/Zedboard/project_for_zhuanti/vivado_file/vga.xdc:80]
Resolution: If [get_<value>] was used to populate the object, check to make sure this command returns at least one valid object.
WARNING: [Vivado 12-584] No ports matched 'clk_25mHz'. [D:/GELEE/Zedboard/project_for_zhuanti/vivado_file/vga.xdc:81]
CRITICAL WARNING: [Common 17-55] 'set_property' expects at least one object. [D:/GELEE/Zedboard/project_for_zhuanti/vivado_file/vga.xdc:81]
Resolution: If [get_<value>] was used to populate the object, check to make sure this command returns at least one valid object.
WARNING: [Vivado 12-584] No ports matched 'clk_25mHz'. [D:/GELEE/Zedboard/project_for_zhuanti/vivado_file/vga.xdc:82]
CRITICAL WARNING: [Common 17-55] 'set_property' expects at least one object. [D:/GELEE/Zedboard/project_for_zhuanti/vivado_file/vga.xdc:82]
Resolution: If [get_<value>] was used to populate the object, check to make sure this command returns at least one valid object.
WARNING: [Vivado 12-584] No ports matched 'addr[18]'. [D:/GELEE/Zedboard/project_for_zhuanti/vivado_file/vga.xdc:83]
CRITICAL WARNING: [Common 17-55] 'set_property' expects at least one object. [D:/GELEE/Zedboard/project_for_zhuanti/vivado_file/vga.xdc:83]
Resolution: If [get_<value>] was used to populate the object, check to make sure this command returns at least one valid object.
WARNING: [Vivado 12-584] No ports matched 'addr[17]'. [D:/GELEE/Zedboard/project_for_zhuanti/vivado_file/vga.xdc:84]
CRITICAL WARNING: [Common 17-55] 'set_property' expects at least one object. [D:/GELEE/Zedboard/project_for_zhuanti/vivado_file/vga.xdc:84]
Resolution: If [get_<value>] was used to populate the object, check to make sure this command returns at least one valid object.
WARNING: [Vivado 12-584] No ports matched 'addr[16]'. [D:/GELEE/Zedboard/project_for_zhuanti/vivado_file/vga.xdc:85]
CRITICAL WARNING: [Common 17-55] 'set_property' expects at least one object. [D:/GELEE/Zedboard/project_for_zhuanti/vivado_file/vga.xdc:85]
Resolution: If [get_<value>] was used to populate the object, check to make sure this command returns at least one valid object.
WARNING: [Vivado 12-584] No ports matched 'addr[15]'. [D:/GELEE/Zedboard/project_for_zhuanti/vivado_file/vga.xdc:86]
CRITICAL WARNING: [Common 17-55] 'set_property' expects at least one object. [D:/GELEE/Zedboard/project_for_zhuanti/vivado_file/vga.xdc:86]
Resolution: If [get_<value>] was used to populate the object, check to make sure this command returns at least one valid object.
WARNING: [Vivado 12-584] No ports matched 'addr[14]'. [D:/GELEE/Zedboard/project_for_zhuanti/vivado_file/vga.xdc:87]
CRITICAL WARNING: [Common 17-55] 'set_property' expects at least one object. [D:/GELEE/Zedboard/project_for_zhuanti/vivado_file/vga.xdc:87]
Resolution: If [get_<value>] was used to populate the object, check to make sure this command returns at least one valid object.
WARNING: [Vivado 12-584] No ports matched 'addr[13]'. [D:/GELEE/Zedboard/project_for_zhuanti/vivado_file/vga.xdc:88]
CRITICAL WARNING: [Common 17-55] 'set_property' expects at least one object. [D:/GELEE/Zedboard/project_for_zhuanti/vivado_file/vga.xdc:88]
Resolution: If [get_<value>] was used to populate the object, check to make sure this command returns at least one valid object.
WARNING: [Vivado 12-584] No ports matched 'addr[12]'. [D:/GELEE/Zedboard/project_for_zhuanti/vivado_file/vga.xdc:89]
CRITICAL WARNING: [Common 17-55] 'set_property' expects at least one object. [D:/GELEE/Zedboard/project_for_zhuanti/vivado_file/vga.xdc:89]
Resolution: If [get_<value>] was used to populate the object, check to make sure this command returns at least one valid object.
WARNING: [Vivado 12-584] No ports matched 'addr[11]'. [D:/GELEE/Zedboard/project_for_zhuanti/vivado_file/vga.xdc:90]
CRITICAL WARNING: [Common 17-55] 'set_property' expects at least one object. [D:/GELEE/Zedboard/project_for_zhuanti/vivado_file/vga.xdc:90]
Resolution: If [get_<value>] was used to populate the object, check to make sure this command returns at least one valid object.
WARNING: [Vivado 12-584] No ports matched 'addr[10]'. [D:/GELEE/Zedboard/project_for_zhuanti/vivado_file/vga.xdc:91]
CRITICAL WARNING: [Common 17-55] 'set_property' expects at least one object. [D:/GELEE/Zedboard/project_for_zhuanti/vivado_file/vga.xdc:91]
Resolution: If [get_<value>] was used to populate the object, check to make sure this command returns at least one valid object.
WARNING: [Vivado 12-584] No ports matched 'addr[9]'. [D:/GELEE/Zedboard/project_for_zhuanti/vivado_file/vga.xdc:92]
CRITICAL WARNING: [Common 17-55] 'set_property' expects at least one object. [D:/GELEE/Zedboard/project_for_zhuanti/vivado_file/vga.xdc:92]
Resolution: If [get_<value>] was used to populate the object, check to make sure this command returns at least one valid object.
WARNING: [Vivado 12-584] No ports matched 'addr[8]'. [D:/GELEE/Zedboard/project_for_zhuanti/vivado_file/vga.xdc:93]
CRITICAL WARNING: [Common 17-55] 'set_property' expects at least one object. [D:/GELEE/Zedboard/project_for_zhuanti/vivado_file/vga.xdc:93]
Resolution: If [get_<value>] was used to populate the object, check to make sure this command returns at least one valid object.
WARNING: [Vivado 12-584] No ports matched 'addr[7]'. [D:/GELEE/Zedboard/project_for_zhuanti/vivado_file/vga.xdc:94]
CRITICAL WARNING: [Common 17-55] 'set_property' expects at least one object. [D:/GELEE/Zedboard/project_for_zhuanti/vivado_file/vga.xdc:94]
Resolution: If [get_<value>] was used to populate the object, check to make sure this command returns at least one valid object.
WARNING: [Vivado 12-584] No ports matched 'addr[6]'. [D:/GELEE/Zedboard/project_for_zhuanti/vivado_file/vga.xdc:95]
CRITICAL WARNING: [Common 17-55] 'set_property' expects at least one object. [D:/GELEE/Zedboard/project_for_zhuanti/vivado_file/vga.xdc:95]
Resolution: If [get_<value>] was used to populate the object, check to make sure this command returns at least one valid object.
WARNING: [Vivado 12-584] No ports matched 'addr[5]'. [D:/GELEE/Zedboard/project_for_zhuanti/vivado_file/vga.xdc:96]
CRITICAL WARNING: [Common 17-55] 'set_property' expects at least one object. [D:/GELEE/Zedboard/project_for_zhuanti/vivado_file/vga.xdc:96]
Resolution: If [get_<value>] was used to populate the object, check to make sure this command returns at least one valid object.
WARNING: [Vivado 12-584] No ports matched 'addr[4]'. [D:/GELEE/Zedboard/project_for_zhuanti/vivado_file/vga.xdc:97]
CRITICAL WARNING: [Common 17-55] 'set_property' expects at least one object. [D:/GELEE/Zedboard/project_for_zhuanti/vivado_file/vga.xdc:97]
Resolution: If [get_<value>] was used to populate the object, check to make sure this command returns at least one valid object.
WARNING: [Vivado 12-584] No ports matched 'addr[3]'. [D:/GELEE/Zedboard/project_for_zhuanti/vivado_file/vga.xdc:98]
CRITICAL WARNING: [Common 17-55] 'set_property' expects at least one object. [D:/GELEE/Zedboard/project_for_zhuanti/vivado_file/vga.xdc:98]
Resolution: If [get_<value>] was used to populate the object, check to make sure this command returns at least one valid object.
WARNING: [Vivado 12-584] No ports matched 'addr[2]'. [D:/GELEE/Zedboard/project_for_zhuanti/vivado_file/vga.xdc:99]
CRITICAL WARNING: [Common 17-55] 'set_property' expects at least one object. [D:/GELEE/Zedboard/project_for_zhuanti/vivado_file/vga.xdc:99]
Resolution: If [get_<value>] was used to populate the object, check to make sure this command returns at least one valid object.
WARNING: [Vivado 12-584] No ports matched 'addr[1]'. [D:/GELEE/Zedboard/project_for_zhuanti/vivado_file/vga.xdc:100]
CRITICAL WARNING: [Common 17-55] 'set_property' expects at least one object. [D:/GELEE/Zedboard/project_for_zhuanti/vivado_file/vga.xdc:100]
Resolution: If [get_<value>] was used to populate the object, check to make sure this command returns at least one valid object.
WARNING: [Vivado 12-584] No ports matched 'addr[0]'. [D:/GELEE/Zedboard/project_for_zhuanti/vivado_file/vga.xdc:101]
CRITICAL WARNING: [Common 17-55] 'set_property' expects at least one object. [D:/GELEE/Zedboard/project_for_zhuanti/vivado_file/vga.xdc:101]
Resolution: If [get_<value>] was used to populate the object, check to make sure this command returns at least one valid object.
WARNING: [Vivado 12-584] No ports matched 'data_in[11]'. [D:/GELEE/Zedboard/project_for_zhuanti/vivado_file/vga.xdc:102]
CRITICAL WARNING: [Common 17-55] 'set_property' expects at least one object. [D:/GELEE/Zedboard/project_for_zhuanti/vivado_file/vga.xdc:102]
Resolution: If [get_<value>] was used to populate the object, check to make sure this command returns at least one valid object.
WARNING: [Vivado 12-584] No ports matched 'data_in[10]'. [D:/GELEE/Zedboard/project_for_zhuanti/vivado_file/vga.xdc:103]
CRITICAL WARNING: [Common 17-55] 'set_property' expects at least one object. [D:/GELEE/Zedboard/project_for_zhuanti/vivado_file/vga.xdc:103]
Resolution: If [get_<value>] was used to populate the object, check to make sure this command returns at least one valid object.
WARNING: [Vivado 12-584] No ports matched 'data_in[9]'. [D:/GELEE/Zedboard/project_for_zhuanti/vivado_file/vga.xdc:104]
CRITICAL WARNING: [Common 17-55] 'set_property' expects at least one object. [D:/GELEE/Zedboard/project_for_zhuanti/vivado_file/vga.xdc:104]
Resolution: If [get_<value>] was used to populate the object, check to make sure this command returns at least one valid object.
WARNING: [Vivado 12-584] No ports matched 'data_in[8]'. [D:/GELEE/Zedboard/project_for_zhuanti/vivado_file/vga.xdc:105]
CRITICAL WARNING: [Common 17-55] 'set_property' expects at least one object. [D:/GELEE/Zedboard/project_for_zhuanti/vivado_file/vga.xdc:105]
Resolution: If [get_<value>] was used to populate the object, check to make sure this command returns at least one valid object.
WARNING: [Vivado 12-584] No ports matched 'data_in[7]'. [D:/GELEE/Zedboard/project_for_zhuanti/vivado_file/vga.xdc:106]
CRITICAL WARNING: [Common 17-55] 'set_property' expects at least one object. [D:/GELEE/Zedboard/project_for_zhuanti/vivado_file/vga.xdc:106]
Resolution: If [get_<value>] was used to populate the object, check to make sure this command returns at least one valid object.
WARNING: [Vivado 12-584] No ports matched 'data_in[6]'. [D:/GELEE/Zedboard/project_for_zhuanti/vivado_file/vga.xdc:107]
CRITICAL WARNING: [Common 17-55] 'set_property' expects at least one object. [D:/GELEE/Zedboard/project_for_zhuanti/vivado_file/vga.xdc:107]
Resolution: If [get_<value>] was used to populate the object, check to make sure this command returns at least one valid object.
WARNING: [Vivado 12-584] No ports matched 'data_in[5]'. [D:/GELEE/Zedboard/project_for_zhuanti/vivado_file/vga.xdc:108]
CRITICAL WARNING: [Common 17-55] 'set_property' expects at least one object. [D:/GELEE/Zedboard/project_for_zhuanti/vivado_file/vga.xdc:108]
Resolution: If [get_<value>] was used to populate the object, check to make sure this command returns at least one valid object.
WARNING: [Vivado 12-584] No ports matched 'data_in[4]'. [D:/GELEE/Zedboard/project_for_zhuanti/vivado_file/vga.xdc:109]
CRITICAL WARNING: [Common 17-55] 'set_property' expects at least one object. [D:/GELEE/Zedboard/project_for_zhuanti/vivado_file/vga.xdc:109]
Resolution: If [get_<value>] was used to populate the object, check to make sure this command returns at least one valid object.
WARNING: [Vivado 12-584] No ports matched 'data_in[3]'. [D:/GELEE/Zedboard/project_for_zhuanti/vivado_file/vga.xdc:110]
CRITICAL WARNING: [Common 17-55] 'set_property' expects at least one object. [D:/GELEE/Zedboard/project_for_zhuanti/vivado_file/vga.xdc:110]
Resolution: If [get_<value>] was used to populate the object, check to make sure this command returns at least one valid object.
WARNING: [Vivado 12-584] No ports matched 'data_in[2]'. [D:/GELEE/Zedboard/project_for_zhuanti/vivado_file/vga.xdc:111]
CRITICAL WARNING: [Common 17-55] 'set_property' expects at least one object. [D:/GELEE/Zedboard/project_for_zhuanti/vivado_file/vga.xdc:111]
Resolution: If [get_<value>] was used to populate the object, check to make sure this command returns at least one valid object.
WARNING: [Vivado 12-584] No ports matched 'data_in[1]'. [D:/GELEE/Zedboard/project_for_zhuanti/vivado_file/vga.xdc:112]
CRITICAL WARNING: [Common 17-55] 'set_property' expects at least one object. [D:/GELEE/Zedboard/project_for_zhuanti/vivado_file/vga.xdc:112]
Resolution: If [get_<value>] was used to populate the object, check to make sure this command returns at least one valid object.
WARNING: [Vivado 12-584] No ports matched 'data_in[0]'. [D:/GELEE/Zedboard/project_for_zhuanti/vivado_file/vga.xdc:113]
CRITICAL WARNING: [Common 17-55] 'set_property' expects at least one object. [D:/GELEE/Zedboard/project_for_zhuanti/vivado_file/vga.xdc:113]
Resolution: If [get_<value>] was used to populate the object, check to make sure this command returns at least one valid object.
Finished Parsing XDC File [D:/GELEE/Zedboard/project_for_zhuanti/vivado_file/vga.xdc]
INFO: [Opt 31-138] Pushed 0 inverter(s) to 0 load pin(s).
Netlist sorting complete. Time (s): cpu = 00:00:00 ; elapsed = 00:00:00 . Memory (MB): peak = 1309.738 ; gain = 0.000
INFO: [Project 1-111] Unisim Transformation Summary:
No Unisim elements were transformed.

WARNING: [Designutils 20-3303] unexpected site type 'IOPAD' in HDPYFinalizeIO
WARNING: [Designutils 20-3303] unexpected site type 'IOPAD' in HDPYFinalizeIO
WARNING: [Designutils 20-3303] unexpected site type 'IOPAD' in HDPYFinalizeIO
WARNING: [Designutils 20-3303] unexpected site type 'IOPAD' in HDPYFinalizeIO
WARNING: [Designutils 20-3303] unexpected site type 'IOPAD' in HDPYFinalizeIO
WARNING: [Designutils 20-3303] unexpected site type 'IOPAD' in HDPYFinalizeIO
WARNING: [Designutils 20-3303] unexpected site type 'IOPAD' in HDPYFinalizeIO
WARNING: [Designutils 20-3303] unexpected site type 'IOPAD' in HDPYFinalizeIO
WARNING: [Designutils 20-3303] unexpected site type 'IOPAD' in HDPYFinalizeIO
WARNING: [Designutils 20-3303] unexpected site type 'IOPAD' in HDPYFinalizeIO
WARNING: [Designutils 20-3303] unexpected site type 'IOPAD' in HDPYFinalizeIO
WARNING: [Designutils 20-3303] unexpected site type 'IOPAD' in HDPYFinalizeIO
WARNING: [Designutils 20-3303] unexpected site type 'IOPAD' in HDPYFinalizeIO
WARNING: [Designutils 20-3303] unexpected site type 'IOPAD' in HDPYFinalizeIO
WARNING: [Designutils 20-3303] unexpected site type 'IOPAD' in HDPYFinalizeIO
WARNING: [Designutils 20-3303] unexpected site type 'IOPAD' in HDPYFinalizeIO
WARNING: [Designutils 20-3303] unexpected site type 'IOPAD' in HDPYFinalizeIO
WARNING: [Designutils 20-3303] unexpected site type 'IOPAD' in HDPYFinalizeIO
WARNING: [Designutils 20-3303] unexpected site type 'IOPAD' in HDPYFinalizeIO
WARNING: [Designutils 20-3303] unexpected site type 'IOPAD' in HDPYFinalizeIO
WARNING: [Designutils 20-3303] unexpected site type 'IOPAD' in HDPYFinalizeIO
WARNING: [Designutils 20-3303] unexpected site type 'IOPAD' in HDPYFinalizeIO
WARNING: [Designutils 20-3303] unexpected site type 'IOPAD' in HDPYFinalizeIO
WARNING: [Designutils 20-3303] unexpected site type 'IOPAD' in HDPYFinalizeIO
WARNING: [Designutils 20-3303] unexpected site type 'IOPAD' in HDPYFinalizeIO
WARNING: [Designutils 20-3303] unexpected site type 'IOPAD' in HDPYFinalizeIO
WARNING: [Designutils 20-3303] unexpected site type 'IOPAD' in HDPYFinalizeIO
WARNING: [Designutils 20-3303] unexpected site type 'IOPAD' in HDPYFinalizeIO
WARNING: [Designutils 20-3303] unexpected site type 'IOPAD' in HDPYFinalizeIO
WARNING: [Designutils 20-3303] unexpected site type 'IOPAD' in HDPYFinalizeIO
WARNING: [Designutils 20-3303] unexpected site type 'IOPAD' in HDPYFinalizeIO
WARNING: [Designutils 20-3303] unexpected site type 'IOPAD' in HDPYFinalizeIO
WARNING: [Designutils 20-3303] unexpected site type 'IOPAD' in HDPYFinalizeIO
WARNING: [Designutils 20-3303] unexpected site type 'IOPAD' in HDPYFinalizeIO
WARNING: [Designutils 20-3303] unexpected site type 'IOPAD' in HDPYFinalizeIO
WARNING: [Designutils 20-3303] unexpected site type 'IOPAD' in HDPYFinalizeIO
WARNING: [Designutils 20-3303] unexpected site type 'IOPAD' in HDPYFinalizeIO
WARNING: [Designutils 20-3303] unexpected site type 'IOPAD' in HDPYFinalizeIO
WARNING: [Designutils 20-3303] unexpected site type 'IOPAD' in HDPYFinalizeIO
WARNING: [Designutils 20-3303] unexpected site type 'IOPAD' in HDPYFinalizeIO
WARNING: [Designutils 20-3303] unexpected site type 'IOPAD' in HDPYFinalizeIO
WARNING: [Designutils 20-3303] unexpected site type 'IOPAD' in HDPYFinalizeIO
WARNING: [Designutils 20-3303] unexpected site type 'IOPAD' in HDPYFinalizeIO
WARNING: [Designutils 20-3303] unexpected site type 'IOPAD' in HDPYFinalizeIO
WARNING: [Designutils 20-3303] unexpected site type 'IOPAD' in HDPYFinalizeIO
WARNING: [Designutils 20-3303] unexpected site type 'IOPAD' in HDPYFinalizeIO
WARNING: [Designutils 20-3303] unexpected site type 'IOPAD' in HDPYFinalizeIO
WARNING: [Designutils 20-3303] unexpected site type 'IOPAD' in HDPYFinalizeIO
WARNING: [Designutils 20-3303] unexpected site type 'IOPAD' in HDPYFinalizeIO
WARNING: [Designutils 20-3303] unexpected site type 'IOPAD' in HDPYFinalizeIO
WARNING: [Designutils 20-3303] unexpected site type 'IOPAD' in HDPYFinalizeIO
WARNING: [Designutils 20-3303] unexpected site type 'IOPAD' in HDPYFinalizeIO
WARNING: [Designutils 20-3303] unexpected site type 'IOPAD' in HDPYFinalizeIO
WARNING: [Designutils 20-3303] unexpected site type 'IOPAD' in HDPYFinalizeIO
WARNING: [Designutils 20-3303] unexpected site type 'IOPAD' in HDPYFinalizeIO
WARNING: [Designutils 20-3303] unexpected site type 'IOPAD' in HDPYFinalizeIO
WARNING: [Designutils 20-3303] unexpected site type 'IOPAD' in HDPYFinalizeIO
WARNING: [Designutils 20-3303] unexpected site type 'IOPAD' in HDPYFinalizeIO
WARNING: [Designutils 20-3303] unexpected site type 'IOPAD' in HDPYFinalizeIO
WARNING: [Designutils 20-3303] unexpected site type 'IOPAD' in HDPYFinalizeIO
WARNING: [Designutils 20-3303] unexpected site type 'IOPAD' in HDPYFinalizeIO
WARNING: [Designutils 20-3303] unexpected site type 'IOPAD' in HDPYFinalizeIO
WARNING: [Designutils 20-3303] unexpected site type 'IOPAD' in HDPYFinalizeIO
WARNING: [Designutils 20-3303] unexpected site type 'IOPAD' in HDPYFinalizeIO
WARNING: [Designutils 20-3303] unexpected site type 'IOPAD' in HDPYFinalizeIO
WARNING: [Designutils 20-3303] unexpected site type 'IOPAD' in HDPYFinalizeIO
WARNING: [Designutils 20-3303] unexpected site type 'IOPAD' in HDPYFinalizeIO
WARNING: [Designutils 20-3303] unexpected site type 'IOPAD' in HDPYFinalizeIO
WARNING: [Designutils 20-3303] unexpected site type 'IOPAD' in HDPYFinalizeIO
WARNING: [Designutils 20-3303] unexpected site type 'IOPAD' in HDPYFinalizeIO
WARNING: [Designutils 20-3303] unexpected site type 'IOPAD' in HDPYFinalizeIO
WARNING: [Designutils 20-3303] unexpected site type 'IOPAD' in HDPYFinalizeIO
WARNING: [Designutils 20-3303] unexpected site type 'IOPAD' in HDPYFinalizeIO
WARNING: [Designutils 20-3303] unexpected site type 'IOPAD' in HDPYFinalizeIO
WARNING: [Designutils 20-3303] unexpected site type 'IOPAD' in HDPYFinalizeIO
WARNING: [Designutils 20-3303] unexpected site type 'IOPAD' in HDPYFinalizeIO
WARNING: [Designutils 20-3303] unexpected site type 'IOPAD' in HDPYFinalizeIO
WARNING: [Designutils 20-3303] unexpected site type 'IOPAD' in HDPYFinalizeIO
WARNING: [Designutils 20-3303] unexpected site type 'IOPAD' in HDPYFinalizeIO
WARNING: [Designutils 20-3303] unexpected site type 'IOPAD' in HDPYFinalizeIO
WARNING: [Designutils 20-3303] unexpected site type 'IOPAD' in HDPYFinalizeIO
WARNING: [Designutils 20-3303] unexpected site type 'IOPAD' in HDPYFinalizeIO
WARNING: [Designutils 20-3303] unexpected site type 'IOPAD' in HDPYFinalizeIO
WARNING: [Designutils 20-3303] unexpected site type 'IOPAD' in HDPYFinalizeIO
WARNING: [Designutils 20-3303] unexpected site type 'IOPAD' in HDPYFinalizeIO
WARNING: [Designutils 20-3303] unexpected site type 'IOPAD' in HDPYFinalizeIO
WARNING: [Designutils 20-3303] unexpected site type 'IOPAD' in HDPYFinalizeIO
WARNING: [Designutils 20-3303] unexpected site type 'IOPAD' in HDPYFinalizeIO
WARNING: [Designutils 20-3303] unexpected site type 'IOPAD' in HDPYFinalizeIO
WARNING: [Designutils 20-3303] unexpected site type 'IOPAD' in HDPYFinalizeIO
WARNING: [Designutils 20-3303] unexpected site type 'IOPAD' in HDPYFinalizeIO
WARNING: [Designutils 20-3303] unexpected site type 'IOPAD' in HDPYFinalizeIO
WARNING: [Designutils 20-3303] unexpected site type 'IOPAD' in HDPYFinalizeIO
WARNING: [Designutils 20-3303] unexpected site type 'IOPAD' in HDPYFinalizeIO
WARNING: [Designutils 20-3303] unexpected site type 'IOPAD' in HDPYFinalizeIO
WARNING: [Designutils 20-3303] unexpected site type 'IOPAD' in HDPYFinalizeIO
WARNING: [Designutils 20-3303] unexpected site type 'IOPAD' in HDPYFinalizeIO
WARNING: [Designutils 20-3303] unexpected site type 'IOPAD' in HDPYFinalizeIO
WARNING: [Designutils 20-3303] unexpected site type 'IOPAD' in HDPYFinalizeIO
WARNING: [Designutils 20-3303] unexpected site type 'IOPAD' in HDPYFinalizeIO
INFO: [Common 17-14] Message 'Designutils 20-3303' appears 100 times and further instances of the messages will be disabled. Use the Tcl command set_msg_config to change the current settings.
open_run: Time (s): cpu = 00:00:15 ; elapsed = 00:00:10 . Memory (MB): peak = 1474.523 ; gain = 304.699
open_bd_design {D:/GELEE/Zedboard/project_for_zhuanti/vivado_file/project_1/project_1.srcs/sources_1/bd/design_1/design_1.bd}
set_property IOSTANDARD LVCMOS18 [get_ports [list {cmd[1]} {cmd[0]}]]
set_property IOSTANDARD LVCMOS33 [get_ports [list {cmd[1]} {cmd[0]}]]
set_property target_constrs_file D:/GELEE/Zedboard/project_for_zhuanti/vivado_file/vga.xdc [current_fileset -constrset]
save_constraints -force
Netlist sorting complete. Time (s): cpu = 00:00:00 ; elapsed = 00:00:00.001 . Memory (MB): peak = 1896.203 ; gain = 0.000
exit
INFO: [Common 17-206] Exiting Vivado at Mon May 16 14:49:30 2022...
